<?xml version="1.0" encoding="UTF-8"?>
<coverage generated="1672742091727" clover="3.2.0">
  <project timestamp="1672742091727" name="All files">
    <metrics statements="1" coveredstatements="1" conditionals="0" coveredconditionals="0" methods="1" coveredmethods="1" elements="2" coveredelements="2" complexity="0" loc="1" ncloc="1" packages="1" files="1" classes="1"/>
    <file name="0-get_list_students.js" path="C:\Users\OLUMIDE\OneDrive\Documents\alx-frontend-javascript\0x03-ES6_data_manipulation\0-get_list_students.js">
      <metrics statements="1" coveredstatements="1" conditionals="0" coveredconditionals="0" methods="1" coveredmethods="1"/>
      <line num="2" count="1" type="stmt"/>
    </file>
  </project>
</coverage>
