{"C:\\Users\\OLUMIDE\\OneDrive\\Documents\\alx-frontend-javascript\\0x03-ES6_data_manipulation\\0-get_list_students.js": {"path":"C:\\Users\\OLUMIDE\\OneDrive\\Documents\\alx-frontend-javascript\\0x03-ES6_data_manipulation\\0-get_list_students.js","statementMap":{"0":{"start":{"line":2,"column":2},"end":{"line":6,"column":4}}},"fnMap":{"0":{"name":"getListStudents","decl":{"start":{"line":1,"column":24},"end":{"line":1,"column":39}},"loc":{"start":{"line":1,"column":42},"end":{"line":7,"column":1}},"line":1}},"branchMap":{},"s":{"0":1},"f":{"0":1},"b":{},"_coverageSchema":"43e27e138ebf9cfc5966b082cf9a028302ed4184","hash":"dcfb0c23183966d732de0c79c0332e2e24b85943"}
}
